[LOG] System::create                           : Header version = 1.10.03. Current version = 1.10.03.
[LOG] Manager::init                            : maxchannels = 256 studioflags = 00000006 flags 00000000 extradriverdata 0000000000000000.
[LOG] SystemI::init                            : Initialize version=11003 (93157), maxchannels=256, flags=0x00020000
[LOG] SystemI::setOutputInternal               : Setting output to 'FMOD WASAPI Output'
[LOG] OutputWASAPI::init                       : Mix Format (WAVEFORMATEX): wFormatTag=0xFFFE, nChannels=2, nSamplesPerSec=96000, nAvgBytesPerSec=768000, nBlockAlign=8, wBitsPerSample=32, cbSize=22.
[LOG] OutputWASAPI::init                       : Mix Format (WAVEFORMATEXTENSIBLE): wValidBitsPerSample=32, dwChannelMask=0x00000003, SubFormat=00000003-0000-0010-8000-00AA00389B71.
[LOG] OutputWASAPI::init                       : Output buffer size: 8192 samples, latency: 0.00ms, period: 10.00ms, DSP buffer: 1024 * 4
[WRN] SystemI::init                            : Output requires a sample rate of 96000Hz, resampling will occur.
[LOG] Thread::initThread                       : Init FMOD stream thread. Priority: 2, Stack Size: 65536, Semaphore: No, Sleep Time: 10, Looping: Yes.
[LOG] Thread::initThread                       : Init FMOD mixer thread. Priority: 3, Stack Size: 49152, Semaphore: No, Sleep Time: 0, Looping: Yes.
[LOG] AsyncManager::init                       : manager 000000006D5BACD8 isAsync 0 updatePeriod 0.02
[LOG] AsyncManager::init                       : done
[LOG] PlaybackSystem::init                     : 
[LOG] Thread::initThread                       : Init FMOD Studio sample load thread. Priority: 0, Stack Size: 65536, Semaphore: No, Sleep Time: 1, Looping: No.
[LOG] PlaybackSystem::init                     : done
[LOG] Thread::initThread                       : Init FMOD Studio bank load thread. Priority: 0, Stack Size: 65536, Semaphore: No, Sleep Time: 1, Looping: No.
[LOG] Manager::init                            : done.
[LOG] Manager::readBank                        : fileversion = 99, compatVersion = 99 (oldest = 44, newest = 100)
[LOG] Manager::readBank                        : fileversion = 99, compatVersion = 99 (oldest = 44, newest = 100)
[LOG] Manager::readBank                        : fileversion = 99, compatVersion = 99 (oldest = 44, newest = 100)
[LOG] Manager::readBank                        : fileversion = 99, compatVersion = 99 (oldest = 44, newest = 100)
[LOG] Manager::readBank                        : fileversion = 99, compatVersion = 99 (oldest = 44, newest = 100)
[WRN] PluginEffectModel::init                  : Missing DSP plugin 'Google GVR Listener'
[WRN] PostLoad::initPluginEffects              : Creating stub DSP plugin model and continuing.
[WRN] PluginEffectModel::init                  : Missing DSP plugin 'Google GVR Source'
[WRN] PostLoad::initPluginEffects              : Creating stub DSP plugin model and continuing.
[WRN] PluginEffectModel::init                  : Missing DSP plugin 'Google GVR Source'
[WRN] PostLoad::initPluginEffects              : Creating stub DSP plugin model and continuing.
[WRN] PluginEffectModel::init                  : Missing DSP plugin 'Google GVR Source'
[WRN] PostLoad::initPluginEffects              : Creating stub DSP plugin model and continuing.
[WRN] PluginEffectModel::init                  : Missing DSP plugin 'Google GVR Source'
[WRN] PostLoad::initPluginEffects              : Creating stub DSP plugin model and continuing.
[WRN] PluginEffectModel::init                  : Missing DSP plugin 'Google GVR Source'
[WRN] PostLoad::initPluginEffects              : Creating stub DSP plugin model and continuing.
[WRN] EffectInstanceFactory::create            : Creating stub DSP for plugin 'Google GVR Listener'
[LOG] PlaybackSystem::acquireMasterBus         : Setting master channel group format to 3
[LOG] Manager::readBank                        : fileversion = 99, compatVersion = 99 (oldest = 44, newest = 100)
[WRN] PluginEffectModel::init                  : Missing DSP plugin 'Google GVR Listener'
[WRN] PostLoad::initPluginEffects              : Creating stub DSP plugin model and continuing.
[WRN] PluginEffectModel::init                  : Missing DSP plugin 'Google GVR Source'
[WRN] PostLoad::initPluginEffects              : Creating stub DSP plugin model and continuing.
[WRN] PluginEffectModel::init                  : Missing DSP plugin 'Google GVR Source'
[WRN] PostLoad::initPluginEffects              : Creating stub DSP plugin model and continuing.
[WRN] PluginEffectModel::init                  : Missing DSP plugin 'Google GVR Source'
[WRN] PostLoad::initPluginEffects              : Creating stub DSP plugin model and continuing.
[WRN] PluginEffectModel::init                  : Missing DSP plugin 'Google GVR Source'
[WRN] PostLoad::initPluginEffects              : Creating stub DSP plugin model and continuing.
[WRN] PluginEffectModel::init                  : Missing DSP plugin 'Google GVR Source'
[WRN] PostLoad::initPluginEffects              : Creating stub DSP plugin model and continuing.
[WRN] EffectInstanceFactory::create            : Creating stub DSP for plugin 'Google GVR Listener'
[LOG] PlaybackSystem::acquireMasterBus         : Setting master channel group format to 3
[WRN] EffectInstanceFactory::create            : Creating stub DSP for plugin 'Google GVR Source'
[LOG] SystemI::createSoundInternal             : Create name='', mode=0x02000202
[LOG] SystemI::createSoundInternal             : exinfo->cbsize             = 232
[LOG] SystemI::createSoundInternal             : exinfo->length             = 176472064
[LOG] SystemI::createSoundInternal             : exinfo->fileoffset         = 3586592
[LOG] SystemI::createSoundInternal             : exinfo->numsubsounds       = 1
[LOG] SystemI::createSoundInternal             : exinfo->inclusionlist      = 000000007EB4F5FC
[LOG] SystemI::createSoundInternal             : exinfo->inclusionlistnum   = 1
[LOG] SystemI::createSoundInternal             : exinfo->suggestedsoundtype = 5
[LOG] SystemI::createSoundInternal             : exinfo->useropen           = 00007FFD9BC05EC0
[LOG] SystemI::createSoundInternal             : exinfo->userclose          = 00007FFD9BC05E90
[LOG] SystemI::createSoundInternal             : exinfo->userread           = 00007FFD9BC05F90
[LOG] SystemI::createSoundInternal             : exinfo->userseek           = 00007FFD9BC06040
[LOG] SystemI::createSoundInternal             : exinfo->fileuserdata       = 000000006D786C68
[LOG] SystemI::createSoundInternal             : exinfo->initialseekpostype = 1
[LOG] SystemI::createSoundInternal             : Sample 0/1: name='Water Drip 01', format=2, channels=2, frequency=48000, lengthbytes=56672, lengthpcm=14150, pcmblocksize=0, loopstart=0, loopend=0, mode=0x00000000, channelmask=0x00000000, channelorder=0, peakvolume=0.407135.
[LOG] SystemI::createSound                     : filename = C:\Users\franc\Desktop\vrproject\Assets\FMODproject\NonEuclideanProject\Build\Desktop\Master Bank.bank : mode 02010082
[LOG] SystemI::createSound                     : FMOD_NONBLOCKING specified.  Putting into queue to be opened asynchronously!
[LOG] Thread::initThread                       : Init FMOD nonblocking thread (0). Priority: 1, Stack Size: 81920, Semaphore: Yes, Sleep Time: 0, Looping: Yes.
[LOG] SystemI::createSound                     : setdata soundi = 00000000558AC568 : node = 0000000055AD0480
[LOG] SystemI::createSound                     : add node to async list : head = 000000006DD2EAA8.  list count = 0
[LOG] AsyncThread::threadFunc                  : Starting Asynchronous operation on sound 00000000558AC568
[LOG] SystemI::createSoundInternal             :     Create name='C:\Users\franc\Desktop\vrproject\Assets\FMODproject\NonEuclideanProject\Build\Desktop\Master Bank.bank', mode=0x02010082
[LOG] SystemI::createSoundInternal             :     exinfo->cbsize             = 232
[LOG] SystemI::createSoundInternal             :     exinfo->length             = 176472064
[LOG] SystemI::createSoundInternal             :     exinfo->fileoffset         = 3586592
[LOG] SystemI::createSoundInternal             :     exinfo->numsubsounds       = 1
[LOG] SystemI::createSoundInternal             :     exinfo->inclusionlist      = 0000000055AD0598
[LOG] SystemI::createSoundInternal             :     exinfo->inclusionlistnum   = 1
[LOG] SystemI::createSoundInternal             :     exinfo->suggestedsoundtype = 5
[LOG] SystemI::createSoundInternal             :     exinfo->initialseekpostype = 1
[LOG] SystemI::createSoundInternal             :     Stream 0/1: name='Gusty Wind 01', format=2, channels=2, frequency=48000, lengthbytes=17985920, lengthpcm=4496463, pcmblocksize=0, loopstart=0, loopend=0, mode=0x00000000, channelmask=0x00000000, channelorder=0, peakvolume=0.088623.
[LOG] Thread::initThread                       :     Init FMOD file thread. Priority: 1, Stack Size: 16384, Semaphore: No, Sleep Time: 10, Looping: Yes.
[LOG] AsyncThread::threadFunc                  : Finished Asynchronous operation on sound 00000000558AC568
[LOG] SoundI::getSubSound                      : sound 00000000558AC568.  Subsound index 0 / 1
[LOG] SoundI::release                          :  (000000000276DF28)
[LOG] SoundI::release                          :     Water Drip 01 (000000003FECEC58)
[LOG] SoundI::release                          : Gusty Wind 01 (00000000558AC568)
[LOG] SoundI::release                          :     Gusty Wind 01 (000000006DD2E2D8)
[LOG] SoundI::release                          :     Gusty Wind 01 (00000000558ACA78)
[LOG] Manager::readBank                        : fileversion = 99, compatVersion = 99 (oldest = 44, newest = 100)
[WRN] PluginEffectModel::init                  : Missing DSP plugin 'Google GVR Listener'
[WRN] PostLoad::initPluginEffects              : Creating stub DSP plugin model and continuing.
[WRN] PluginEffectModel::init                  : Missing DSP plugin 'Google GVR Source'
[WRN] PostLoad::initPluginEffects              : Creating stub DSP plugin model and continuing.
[WRN] PluginEffectModel::init                  : Missing DSP plugin 'Google GVR Source'
[WRN] PostLoad::initPluginEffects              : Creating stub DSP plugin model and continuing.
[WRN] PluginEffectModel::init                  : Missing DSP plugin 'Google GVR Source'
[WRN] PostLoad::initPluginEffects              : Creating stub DSP plugin model and continuing.
[WRN] PluginEffectModel::init                  : Missing DSP plugin 'Google GVR Source'
[WRN] PostLoad::initPluginEffects              : Creating stub DSP plugin model and continuing.
[WRN] PluginEffectModel::init                  : Missing DSP plugin 'Google GVR Source'
[WRN] PostLoad::initPluginEffects              : Creating stub DSP plugin model and continuing.
[WRN] EffectInstanceFactory::create            : Creating stub DSP for plugin 'Google GVR Listener'
[LOG] PlaybackSystem::acquireMasterBus         : Setting master channel group format to 3
[WRN] EffectInstanceFactory::create            : Creating stub DSP for plugin 'Google GVR Source'
[LOG] SystemI::createSoundInternal             : Create name='', mode=0x02000202
[LOG] SystemI::createSoundInternal             : exinfo->cbsize             = 232
[LOG] SystemI::createSoundInternal             : exinfo->length             = 176472064
[LOG] SystemI::createSoundInternal             : exinfo->fileoffset         = 3586592
[LOG] SystemI::createSoundInternal             : exinfo->numsubsounds       = 1
[LOG] SystemI::createSoundInternal             : exinfo->inclusionlist      = 000000007EB4F5FC
[LOG] SystemI::createSoundInternal             : exinfo->inclusionlistnum   = 1
[LOG] SystemI::createSoundInternal             : exinfo->suggestedsoundtype = 5
[LOG] SystemI::createSoundInternal             : exinfo->useropen           = 00007FFD9BC05EC0
[LOG] SystemI::createSoundInternal             : exinfo->userclose          = 00007FFD9BC05E90
[LOG] SystemI::createSoundInternal             : exinfo->userread           = 00007FFD9BC05F90
[LOG] SystemI::createSoundInternal             : exinfo->userseek           = 00007FFD9BC06040
[LOG] SystemI::createSoundInternal             : exinfo->fileuserdata       = 000000006D782208
[LOG] SystemI::createSoundInternal             : exinfo->initialseekpostype = 1
[LOG] SystemI::createSoundInternal             : Sample 0/1: name='Son impact craie', format=2, channels=2, frequency=48000, lengthbytes=171808, lengthpcm=42933, pcmblocksize=0, loopstart=0, loopend=0, mode=0x00000000, channelmask=0x00000000, channelorder=0, peakvolume=0.323303.
[LOG] SystemI::createSoundInternal             : Create name='', mode=0x02000202
[LOG] SystemI::createSoundInternal             : exinfo->cbsize             = 232
[LOG] SystemI::createSoundInternal             : exinfo->length             = 176472064
[LOG] SystemI::createSoundInternal             : exinfo->fileoffset         = 3586592
[LOG] SystemI::createSoundInternal             : exinfo->numsubsounds       = 1
[LOG] SystemI::createSoundInternal             : exinfo->inclusionlist      = 000000007EB4F5FC
[LOG] SystemI::createSoundInternal             : exinfo->inclusionlistnum   = 1
[LOG] SystemI::createSoundInternal             : exinfo->suggestedsoundtype = 5
[LOG] SystemI::createSoundInternal             : exinfo->useropen           = 00007FFD9BC05EC0
[LOG] SystemI::createSoundInternal             : exinfo->userclose          = 00007FFD9BC05E90
[LOG] SystemI::createSoundInternal             : exinfo->userread           = 00007FFD9BC05F90
[LOG] SystemI::createSoundInternal             : exinfo->userseek           = 00007FFD9BC06040
[LOG] SystemI::createSoundInternal             : exinfo->fileuserdata       = 000000006D782208
[LOG] SystemI::createSoundInternal             : exinfo->initialseekpostype = 1
[LOG] SystemI::createSoundInternal             : Sample 0/1: name='Bowed Vibe 03', format=2, channels=2, frequency=48000, lengthbytes=950208, lengthpcm=237533, pcmblocksize=0, loopstart=0, loopend=0, mode=0x00000000, channelmask=0x00000000, channelorder=0, peakvolume=0.874786.
[LOG] SystemI::createSound                     : filename = C:\Users\franc\Desktop\vrproject\Assets\FMODproject\NonEuclideanProject\Build\Desktop\Master Bank.bank : mode 02010082
[LOG] SystemI::createSound                     : FMOD_NONBLOCKING specified.  Putting into queue to be opened asynchronously!
[LOG] SystemI::createSound                     : setdata soundi = 00000000558ACF88 : node = 0000000055ACF4C0
[LOG] SystemI::createSound                     : add node to async list : head = 000000006DD2EAA8.  list count = 0
[LOG] AsyncThread::threadFunc                  : Starting Asynchronous operation on sound 00000000558ACF88
[LOG] SystemI::createSoundInternal             :     Create name='C:\Users\franc\Desktop\vrproject\Assets\FMODproject\NonEuclideanProject\Build\Desktop\Master Bank.bank', mode=0x02010082
[LOG] SystemI::createSoundInternal             :     exinfo->cbsize             = 232
[LOG] SystemI::createSoundInternal             :     exinfo->length             = 176472064
[LOG] SystemI::createSoundInternal             :     exinfo->fileoffset         = 3586592
[LOG] SystemI::createSoundInternal             :     exinfo->numsubsounds       = 1
[LOG] SystemI::createSoundInternal             :     exinfo->inclusionlist      = 0000000055ACF5D8
[LOG] SystemI::createSoundInternal             :     exinfo->inclusionlistnum   = 1
[LOG] SystemI::createSoundInternal             :     exinfo->suggestedsoundtype = 5
[LOG] SystemI::createSoundInternal             :     exinfo->initialseekpostype = 1
[LOG] SystemI::createSoundInternal             :     Stream 0/1: name='ZOOM0009 - Trimmed', format=2, channels=2, frequency=48000, lengthbytes=2409280, lengthpcm=602304, pcmblocksize=0, loopstart=0, loopend=0, mode=0x00000000, channelmask=0x00000000, channelorder=0, peakvolume=0.276031.
[LOG] AsyncThread::threadFunc                  : Finished Asynchronous operation on sound 00000000558ACF88
[LOG] SoundI::getSubSound                      : sound 00000000558ACF88.  Subsound index 0 / 1
[LOG] AsyncThread::threadFunc                  : Starting Asynchronous operation on sound 00000000558AD9A8
[LOG] AsyncThread::threadFunc                  : Finished Asynchronous operation on sound 00000000558AD9A8
[LOG] SoundI::release                          :  (0000000055908DC8)
[LOG] SoundI::release                          :     Bowed Vibe 03 (000000006DD2E138)
[LOG] SoundI::release                          :  (000000000276DF28)
[LOG] SoundI::release                          :     Son impact craie (000000006DD2D5D8)
[LOG] SoundI::release                          : ZOOM0009 - Trimmed (00000000558ACF88)
[LOG] SoundI::release                          :     ZOOM0009 - Trimmed (000000006DD2E2D8)
[LOG] SoundI::release                          :     ZOOM0009 - Trimmed (00000000558AD9A8)
[LOG] Manager::readBank                        : fileversion = 99, compatVersion = 99 (oldest = 44, newest = 100)
[WRN] PluginEffectModel::init                  : Missing DSP plugin 'Google GVR Listener'
[WRN] PostLoad::initPluginEffects              : Creating stub DSP plugin model and continuing.
[WRN] PluginEffectModel::init                  : Missing DSP plugin 'Google GVR Source'
[WRN] PostLoad::initPluginEffects              : Creating stub DSP plugin model and continuing.
[WRN] PluginEffectModel::init                  : Missing DSP plugin 'Google GVR Source'
[WRN] PostLoad::initPluginEffects              : Creating stub DSP plugin model and continuing.
[WRN] PluginEffectModel::init                  : Missing DSP plugin 'Google GVR Source'
[WRN] PostLoad::initPluginEffects              : Creating stub DSP plugin model and continuing.
[WRN] PluginEffectModel::init                  : Missing DSP plugin 'Google GVR Source'
[WRN] PostLoad::initPluginEffects              : Creating stub DSP plugin model and continuing.
[WRN] PluginEffectModel::init                  : Missing DSP plugin 'Google GVR Source'
[WRN] PostLoad::initPluginEffects              : Creating stub DSP plugin model and continuing.
[WRN] EffectInstanceFactory::create            : Creating stub DSP for plugin 'Google GVR Listener'
[LOG] PlaybackSystem::acquireMasterBus         : Setting master channel group format to 3
[WRN] EffectInstanceFactory::create            : Creating stub DSP for plugin 'Google GVR Source'
[LOG] SystemI::createSoundInternal             : Create name='', mode=0x02000202
[LOG] SystemI::createSoundInternal             : exinfo->cbsize             = 232
[LOG] SystemI::createSoundInternal             : exinfo->length             = 176472064
[LOG] SystemI::createSoundInternal             : exinfo->fileoffset         = 3586592
[LOG] SystemI::createSoundInternal             : exinfo->numsubsounds       = 1
[LOG] SystemI::createSoundInternal             : exinfo->inclusionlist      = 000000007EB4F5FC
[LOG] SystemI::createSoundInternal             : exinfo->inclusionlistnum   = 1
[LOG] SystemI::createSoundInternal             : exinfo->suggestedsoundtype = 5
[LOG] SystemI::createSoundInternal             : exinfo->useropen           = 00007FFD9BC05EC0
[LOG] SystemI::createSoundInternal             : exinfo->userclose          = 00007FFD9BC05E90
[LOG] SystemI::createSoundInternal             : exinfo->userread           = 00007FFD9BC05F90
[LOG] SystemI::createSoundInternal             : exinfo->userseek           = 00007FFD9BC06040
[LOG] SystemI::createSoundInternal             : exinfo->fileuserdata       = 000000006D782EC8
[LOG] SystemI::createSoundInternal             : exinfo->initialseekpostype = 1
[LOG] SystemI::createSoundInternal             : Sample 0/1: name='Water Drip 01', format=2, channels=2, frequency=48000, lengthbytes=56672, lengthpcm=14150, pcmblocksize=0, loopstart=0, loopend=0, mode=0x00000000, channelmask=0x00000000, channelorder=0, peakvolume=0.407135.
[LOG] SystemI::createSound                     : filename = C:\Users\franc\Desktop\vrproject\Assets\FMODproject\NonEuclideanProject\Build\Desktop\Master Bank.bank : mode 02010082
[LOG] SystemI::createSound                     : FMOD_NONBLOCKING specified.  Putting into queue to be opened asynchronously!
[LOG] SystemI::createSound                     : setdata soundi = 00000000558ACA78 : node = 0000000055ACEB90
[LOG] SystemI::createSound                     : add node to async list : head = 000000006DD2EAA8.  list count = 0
[LOG] AsyncThread::threadFunc                  : Starting Asynchronous operation on sound 00000000558ACA78
[LOG] SystemI::createSoundInternal             :     Create name='C:\Users\franc\Desktop\vrproject\Assets\FMODproject\NonEuclideanProject\Build\Desktop\Master Bank.bank', mode=0x02010082
[LOG] SystemI::createSoundInternal             :     exinfo->cbsize             = 232
[LOG] SystemI::createSoundInternal             :     exinfo->length             = 176472064
[LOG] SystemI::createSoundInternal             :     exinfo->fileoffset         = 3586592
[LOG] SystemI::createSoundInternal             :     exinfo->numsubsounds       = 1
[LOG] SystemI::createSoundInternal             :     exinfo->inclusionlist      = 0000000055ACECA8
[LOG] SystemI::createSoundInternal             :     exinfo->inclusionlistnum   = 1
[LOG] SystemI::createSoundInternal             :     exinfo->suggestedsoundtype = 5
[LOG] SystemI::createSoundInternal             :     exinfo->initialseekpostype = 1
[LOG] SystemI::createSoundInternal             :     Stream 0/1: name='Gusty Wind 01', format=2, channels=2, frequency=48000, lengthbytes=17985920, lengthpcm=4496463, pcmblocksize=0, loopstart=0, loopend=0, mode=0x00000000, channelmask=0x00000000, channelorder=0, peakvolume=0.088623.
[LOG] AsyncThread::threadFunc                  : Finished Asynchronous operation on sound 00000000558ACA78
[LOG] SoundI::getSubSound                      : sound 00000000558ACA78.  Subsound index 0 / 1
[LOG] SystemI::createSound                     : filename = C:\Users\franc\Desktop\vrproject\Assets\FMODproject\NonEuclideanProject\Build\Desktop\Master Bank.bank : mode 02010082
[LOG] SystemI::createSound                     : FMOD_NONBLOCKING specified.  Putting into queue to be opened asynchronously!
[LOG] SystemI::createSound                     : setdata soundi = 00000000558AC568 : node = 0000000055ACFB50
[LOG] SystemI::createSound                     : add node to async list : head = 000000006DD2EAA8.  list count = 0
[LOG] AsyncThread::threadFunc                  : Starting Asynchronous operation on sound 00000000558AC568
[LOG] SystemI::createSoundInternal             :     Create name='C:\Users\franc\Desktop\vrproject\Assets\FMODproject\NonEuclideanProject\Build\Desktop\Master Bank.bank', mode=0x02010082
[LOG] SystemI::createSoundInternal             :     exinfo->cbsize             = 232
[LOG] SystemI::createSoundInternal             :     exinfo->length             = 176472064
[LOG] SystemI::createSoundInternal             :     exinfo->fileoffset         = 3586592
[LOG] SystemI::createSoundInternal             :     exinfo->numsubsounds       = 1
[LOG] SystemI::createSoundInternal             :     exinfo->inclusionlist      = 0000000055ACFC68
[LOG] SystemI::createSoundInternal             :     exinfo->inclusionlistnum   = 1
[LOG] SystemI::createSoundInternal             :     exinfo->suggestedsoundtype = 5
[LOG] SystemI::createSoundInternal             :     exinfo->initialseekpostype = 1
[LOG] SystemI::createSoundInternal             :     Stream 0/1: name='Sifflement', format=2, channels=2, frequency=48000, lengthbytes=5942208, lengthpcm=1485536, pcmblocksize=0, loopstart=0, loopend=0, mode=0x00000000, channelmask=0x00000000, channelorder=0, peakvolume=0.871272.
[LOG] AsyncThread::threadFunc                  : Finished Asynchronous operation on sound 00000000558AC568
[LOG] SoundI::getSubSound                      : sound 00000000558AC568.  Subsound index 0 / 1
[LOG] SoundI::release                          :  (0000000055908808)
[LOG] SoundI::release                          :     Water Drip 01 (000000006DD2D298)
[LOG] SoundI::release                          : Sifflement (00000000558AC568)
[LOG] SoundI::release                          :     Sifflement (000000006DD2E478)
[LOG] SoundI::release                          :     Sifflement (00000000558AD648)
[LOG] SoundI::release                          : Gusty Wind 01 (00000000558ACA78)
[LOG] SoundI::release                          :     Gusty Wind 01 (000000006DD2E2D8)
[LOG] SoundI::release                          :     Gusty Wind 01 (00000000558AC208)
[LOG] Manager::readBank                        : fileversion = 99, compatVersion = 99 (oldest = 44, newest = 100)
[WRN] PluginEffectModel::init                  : Missing DSP plugin 'Google GVR Listener'
[WRN] PostLoad::initPluginEffects              : Creating stub DSP plugin model and continuing.
[WRN] PluginEffectModel::init                  : Missing DSP plugin 'Google GVR Source'
[WRN] PostLoad::initPluginEffects              : Creating stub DSP plugin model and continuing.
[WRN] PluginEffectModel::init                  : Missing DSP plugin 'Google GVR Source'
[WRN] PostLoad::initPluginEffects              : Creating stub DSP plugin model and continuing.
[WRN] PluginEffectModel::init                  : Missing DSP plugin 'Google GVR Source'
[WRN] PostLoad::initPluginEffects              : Creating stub DSP plugin model and continuing.
[WRN] PluginEffectModel::init                  : Missing DSP plugin 'Google GVR Source'
[WRN] PostLoad::initPluginEffects              : Creating stub DSP plugin model and continuing.
[WRN] PluginEffectModel::init                  : Missing DSP plugin 'Google GVR Source'
[WRN] PostLoad::initPluginEffects              : Creating stub DSP plugin model and continuing.
[WRN] EffectInstanceFactory::create            : Creating stub DSP for plugin 'Google GVR Listener'
[LOG] PlaybackSystem::acquireMasterBus         : Setting master channel group format to 3
[WRN] EffectInstanceFactory::create            : Creating stub DSP for plugin 'Google GVR Source'
[LOG] SystemI::createSound                     : filename = C:\Users\franc\Desktop\vrproject\Assets\FMODproject\NonEuclideanProject\Build\Desktop\Master Bank.bank : mode 02010082
[LOG] SystemI::createSound                     : FMOD_NONBLOCKING specified.  Putting into queue to be opened asynchronously!
[LOG] SystemI::createSound                     : setdata soundi = 00000000558AD9A8 : node = 0000000055ACF4C0
[LOG] SystemI::createSound                     : add node to async list : head = 000000006DD2EAA8.  list count = 0
[LOG] AsyncThread::threadFunc                  : Starting Asynchronous operation on sound 00000000558AD9A8
[LOG] SystemI::createSoundInternal             :     Create name='C:\Users\franc\Desktop\vrproject\Assets\FMODproject\NonEuclideanProject\Build\Desktop\Master Bank.bank', mode=0x02010082
[LOG] SystemI::createSoundInternal             :     exinfo->cbsize             = 232
[LOG] SystemI::createSoundInternal             :     exinfo->length             = 176472064
[LOG] SystemI::createSoundInternal             :     exinfo->fileoffset         = 3586592
[LOG] SystemI::createSoundInternal             :     exinfo->numsubsounds       = 1
[LOG] SystemI::createSoundInternal             :     exinfo->inclusionlist      = 0000000055ACF5D8
[LOG] SystemI::createSoundInternal             :     exinfo->inclusionlistnum   = 1
[LOG] SystemI::createSoundInternal             :     exinfo->suggestedsoundtype = 5
[LOG] SystemI::createSoundInternal             :     exinfo->initialseekpostype = 1
[LOG] SystemI::createSoundInternal             :     Stream 0/1: name='footStep', format=2, channels=2, frequency=48000, lengthbytes=7642240, lengthpcm=1910539, pcmblocksize=0, loopstart=0, loopend=0, mode=0x00000000, channelmask=0x00000000, channelorder=0, peakvolume=0.215149.
[LOG] AsyncThread::threadFunc                  : Finished Asynchronous operation on sound 00000000558AD9A8
[LOG] SoundI::getSubSound                      : sound 00000000558AD9A8.  Subsound index 0 / 1
[LOG] SoundI::release                          : footStep (00000000558AD9A8)
[LOG] SoundI::release                          :     footStep (000000006DD2D298)
[LOG] SoundI::release                          :     footStep (00000000558ACA78)
[LOG] Manager::readBank                        : fileversion = 99, compatVersion = 99 (oldest = 44, newest = 100)
[WRN] PluginEffectModel::init                  : Missing DSP plugin 'Google GVR Listener'
[WRN] PostLoad::initPluginEffects              : Creating stub DSP plugin model and continuing.
[WRN] PluginEffectModel::init                  : Missing DSP plugin 'Google GVR Source'
[WRN] PostLoad::initPluginEffects              : Creating stub DSP plugin model and continuing.
[WRN] PluginEffectModel::init                  : Missing DSP plugin 'Google GVR Source'
[WRN] PostLoad::initPluginEffects              : Creating stub DSP plugin model and continuing.
[WRN] PluginEffectModel::init                  : Missing DSP plugin 'Google GVR Source'
[WRN] PostLoad::initPluginEffects              : Creating stub DSP plugin model and continuing.
[WRN] PluginEffectModel::init                  : Missing DSP plugin 'Google GVR Source'
[WRN] PostLoad::initPluginEffects              : Creating stub DSP plugin model and continuing.
[WRN] PluginEffectModel::init                  : Missing DSP plugin 'Google GVR Source'
[WRN] PostLoad::initPluginEffects              : Creating stub DSP plugin model and continuing.
[WRN] EffectInstanceFactory::create            : Creating stub DSP for plugin 'Google GVR Listener'
[LOG] PlaybackSystem::acquireMasterBus         : Setting master channel group format to 3
[WRN] EffectInstanceFactory::create            : Creating stub DSP for plugin 'Google GVR Source'
[LOG] SystemI::createSound                     : filename = C:\Users\franc\Desktop\vrproject\Assets\FMODproject\NonEuclideanProject\Build\Desktop\Master Bank.bank : mode 02010082
[LOG] SystemI::createSound                     : FMOD_NONBLOCKING specified.  Putting into queue to be opened asynchronously!
[LOG] SystemI::createSound                     : setdata soundi = 00000000558AC058 : node = 0000000055AD05D0
[LOG] SystemI::createSound                     : add node to async list : head = 000000006DD2EAA8.  list count = 0
[LOG] SystemI::createSound                     : filename = C:\Users\franc\Desktop\vrproject\Assets\FMODproject\NonEuclideanProject\Build\Desktop\Master Bank.bank : mode 02010082
[LOG] SystemI::createSound                     : FMOD_NONBLOCKING specified.  Putting into queue to be opened asynchronously!
[LOG] SystemI::createSound                     : setdata soundi = 00000000558ACA78 : node = 0000000055ACECE0
[LOG] SystemI::createSound                     : add node to async list : head = 000000006DD2EAA8.  list count = 1
[LOG] AsyncThread::threadFunc                  : Starting Asynchronous operation on sound 00000000558AC058
[LOG] SystemI::createSoundInternal             :     Create name='C:\Users\franc\Desktop\vrproject\Assets\FMODproject\NonEuclideanProject\Build\Desktop\Master Bank.bank', mode=0x02010082
[LOG] SystemI::createSoundInternal             :     exinfo->cbsize             = 232
[LOG] SystemI::createSoundInternal             :     exinfo->length             = 176472064
[LOG] SystemI::createSoundInternal             :     exinfo->fileoffset         = 3586592
[LOG] SystemI::createSoundInternal             :     exinfo->numsubsounds       = 1
[LOG] SystemI::createSoundInternal             :     exinfo->inclusionlist      = 0000000055AD06E8
[LOG] SystemI::createSoundInternal             :     exinfo->inclusionlistnum   = 1
[LOG] SystemI::createSoundInternal             :     exinfo->suggestedsoundtype = 5
[LOG] SystemI::createSoundInternal             :     exinfo->initialseekpostype = 1
[LOG] SystemI::createSoundInternal             :     Stream 0/1: name='waterDripping', format=2, channels=2, frequency=48000, lengthbytes=17245600, lengthpcm=4311382, pcmblocksize=0, loopstart=0, loopend=0, mode=0x00000000, channelmask=0x00000000, channelorder=0, peakvolume=0.378540.
[LOG] AsyncThread::threadFunc                  : Finished Asynchronous operation on sound 00000000558AC058
[LOG] AsyncThread::threadFunc                  : Starting Asynchronous operation on sound 00000000558ACA78
[LOG] SystemI::createSoundInternal             :     Create name='C:\Users\franc\Desktop\vrproject\Assets\FMODproject\NonEuclideanProject\Build\Desktop\Master Bank.bank', mode=0x02010082
[LOG] SystemI::createSoundInternal             :     exinfo->cbsize             = 232
[LOG] SystemI::createSoundInternal             :     exinfo->length             = 176472064
[LOG] SystemI::createSoundInternal             :     exinfo->fileoffset         = 3586592
[LOG] SystemI::createSoundInternal             :     exinfo->numsubsounds       = 1
[LOG] SystemI::createSoundInternal             :     exinfo->inclusionlist      = 0000000055ACEDF8
[LOG] SystemI::createSoundInternal             :     exinfo->inclusionlistnum   = 1
[LOG] SystemI::createSoundInternal             :     exinfo->suggestedsoundtype = 5
[LOG] SystemI::createSoundInternal             :     exinfo->initialseekpostype = 1
[LOG] SystemI::createSoundInternal             :     Stream 0/1: name='longBellSounds', format=2, channels=2, frequency=48000, lengthbytes=107693632, lengthpcm=26923392, pcmblocksize=0, loopstart=0, loopend=0, mode=0x00000000, channelmask=0x00000000, channelorder=0, peakvolume=0.110413.
[LOG] AsyncThread::threadFunc                  : Finished Asynchronous operation on sound 00000000558ACA78
[LOG] SoundI::getSubSound                      : sound 00000000558AC058.  Subsound index 0 / 1
[LOG] SoundI::getSubSound                      : sound 00000000558ACA78.  Subsound index 0 / 1
[LOG] SoundI::release                          : longBellSounds (00000000558ACA78)
[LOG] SoundI::release                          :     longBellSounds (000000006DD2EAF8)
[LOG] SoundI::release                          :     longBellSounds (00000000558AD648)
[LOG] SoundI::release                          : waterDripping (00000000558AC058)
[LOG] SoundI::release                          :     waterDripping (000000006DD2DF98)
[LOG] SoundI::release                          :     waterDripping (00000000558AC8C8)
